<?xml version="1.0" encoding="UTF-8"?>
<!-- Generated by org.testng.reporters.JUnitXMLReporter -->
<testsuite ignored="4" hostname="DESKTOP-QOIRAG4" failures="0" tests="2" name="Test" time="5.186" errors="0" timestamp="2020-09-22T00:07:04 EDT">
  <testcase classname="com.saucedemo.testcases.SwaglabsVerified" name="itemsAvailableVerified" time="0.107"/>
  <testcase classname="com.saucedemo.testcases.SwaglabsVerified" name="swagLabsLogoVerified" time="3.083"/>
  <testcase classname="com.saucedemo.base.TestBase" name="@BeforeSuite setUp" time="0.0">
    <ignored/>
  </testcase> <!-- @BeforeSuite setUp -->
  <testcase classname="com.saucedemo.base.TestBase" name="@BeforeSuite setUp" time="0.0">
    <ignored/>
  </testcase> <!-- @BeforeSuite setUp -->
  <testcase classname="com.saucedemo.base.TestBase" name="@AfterSuite tearDown" time="0.0">
    <ignored/>
  </testcase> <!-- @AfterSuite tearDown -->
  <testcase classname="com.saucedemo.base.TestBase" name="@AfterSuite tearDown" time="0.0">
    <ignored/>
  </testcase> <!-- @AfterSuite tearDown -->
</testsuite> <!-- Test -->
